<?xml version="1.0" encoding="UTF-8"?>
<!-- Generated by org.testng.reporters.JUnitReportReporter -->
<testsuite hostname="ThanBui" failures="0" tests="1" name="seleniumwebdriver.TestImplementation" time="0.274" errors="0" timestamp="2021-04-08T01:45:53 ICT" skipped="0">
  <testcase classname="seleniumwebdriver.TestImplementation" name="testNumberOfProduct" time="0.274"/>
  <system-out/>
</testsuite> <!-- seleniumwebdriver.TestImplementation -->
